<?xml version="1.0" encoding="UTF-8"?>
<coverage generated="1705854911830" clover="3.2.0">
  <project timestamp="1705854911830" name="All files">
    <metrics statements="12" coveredstatements="0" conditionals="1" coveredconditionals="0" methods="2" coveredmethods="0" elements="15" coveredelements="0" complexity="0" loc="12" ncloc="12" packages="2" files="2" classes="2"/>
    <package name="component.component-without-dependency">
      <metrics statements="2" coveredstatements="0" conditionals="0" coveredconditionals="0" methods="0" coveredmethods="0"/>
      <file name="without-dep.component.ts" path="/home/projects/angular-16-jest-preset-arrwdk/src/app/component/component-without-dependency/without-dep.component.ts">
        <metrics statements="2" coveredstatements="0" conditionals="0" coveredconditionals="0" methods="0" coveredmethods="0"/>
        <line num="1" count="0" type="stmt"/>
        <line num="7" count="0" type="stmt"/>
      </file>
    </package>
    <package name="service.service-without-dependency">
      <metrics statements="10" coveredstatements="0" conditionals="1" coveredconditionals="0" methods="2" coveredmethods="0"/>
      <file name="without-dep.service.ts" path="/home/projects/angular-16-jest-preset-arrwdk/src/app/service/service-without-dependency/without-dep.service.ts">
        <metrics statements="10" coveredstatements="0" conditionals="1" coveredconditionals="0" methods="2" coveredmethods="0"/>
        <line num="1" count="0" type="stmt"/>
        <line num="4" count="0" type="stmt"/>
        <line num="6" count="0" type="stmt"/>
        <line num="7" count="0" type="stmt"/>
        <line num="9" count="0" type="stmt"/>
        <line num="13" count="0" type="cond" truecount="0" falsecount="1"/>
        <line num="15" count="0" type="stmt"/>
        <line num="17" count="0" type="stmt"/>
        <line num="18" count="0" type="stmt"/>
        <line num="21" count="0" type="stmt"/>
      </file>
    </package>
  </project>
</coverage>
